Using pre-set license
Built from '2020.3/staging' branch; Version is '2020.3.20f1 (41c4e627c95f) revision 4310246'; Using compiler version '192528614'; Build Type 'Release'
OS: 'Windows 10 Pro; OS build 19043.1288; Version 2009; 64bit' Language: 'tr' Physical Memory: 16308 MB
BatchMode: 1, IsHumanControllingUs: 0, StartBugReporterOnCrash: 0, Is64bit: 1, IsPro: 0

COMMAND LINE ARGUMENTS:
C:\Program Files\Unity\Hub\Editor\2020.3.20f1\Editor\Unity.exe
-adb2
-batchMode
-noUpm
-name
AssetImportWorker0
-projectPath
D:/aTaR/Unity/EnZorOyun
-logFile
Logs/AssetImportWorker0.log
-srvPort
58163
Successfully changed project path to: D:/aTaR/Unity/EnZorOyun
D:/aTaR/Unity/EnZorOyun
Using Asset Import Pipeline V2.
Refreshing native plugins compatible for Editor in 38.28 ms, found 2 plugins.
Preloading 0 native plugins for Editor in 0.00 ms.
Initialize engine version: 2020.3.20f1 (41c4e627c95f)
[Subsystems] Discovering subsystems at path C:/Program Files/Unity/Hub/Editor/2020.3.20f1/Editor/Data/Resources/UnitySubsystems
[Subsystems] Discovering subsystems at path D:/aTaR/Unity/EnZorOyun/Assets
GfxDevice: creating device client; threaded=0
Direct3D:
    Version:  Direct3D 11.0 [level 11.1]
    Renderer: NVIDIA GeForce GTX 1660 SUPER (ID=0x21c4)
    Vendor:   
    VRAM:     5991 MB
    Driver:   30.0.14.9613
Initialize mono
Mono path[0] = 'C:/Program Files/Unity/Hub/Editor/2020.3.20f1/Editor/Data/Managed'
Mono path[1] = 'C:/Program Files/Unity/Hub/Editor/2020.3.20f1/Editor/Data/MonoBleedingEdge/lib/mono/unityjit'
Mono config path = 'C:/Program Files/Unity/Hub/Editor/2020.3.20f1/Editor/Data/MonoBleedingEdge/etc'
Using monoOptions --debugger-agent=transport=dt_socket,embedding=1,server=y,suspend=n,address=127.0.0.1:56644
Begin MonoManager ReloadAssembly
Registering precompiled unity dll's ...
Register platform support module: C:/Program Files/Unity/Hub/Editor/2020.3.20f1/Editor/Data/PlaybackEngines/WindowsStandaloneSupport/UnityEditor.WindowsStandalone.Extensions.dll
Register platform support module: C:/Program Files/Unity/Hub/Editor/2020.3.20f1/Editor/Data/PlaybackEngines/LinuxStandaloneSupport/UnityEditor.LinuxStandalone.Extensions.dll
Registered in 0.003179 seconds.
Native extension for LinuxStandalone target not found
Native extension for WindowsStandalone target not found
Refreshing native plugins compatible for Editor in 35.93 ms, found 2 plugins.
Preloading 0 native plugins for Editor in 0.00 ms.
Mono: successfully reloaded assembly
- Completed reload, in  2.357 seconds
Domain Reload Profiling:
	ReloadAssembly (2358ms)
		BeginReloadAssembly (67ms)
			ExecutionOrderSort (0ms)
			DisableScriptedObjects (0ms)
			BackupInstance (0ms)
			ReleaseScriptingObjects (0ms)
			CreateAndSetChildDomain (1ms)
		EndReloadAssembly (471ms)
			LoadAssemblies (64ms)
			RebuildTransferFunctionScriptingTraits (0ms)
			SetupTypeCache (174ms)
			ReleaseScriptCaches (0ms)
			RebuildScriptCaches (31ms)
			SetupLoadedEditorAssemblies (177ms)
				LogAssemblyErrors (0ms)
				InitializePlatformSupportModulesInManaged (6ms)
				SetLoadedEditorAssemblies (0ms)
				RefreshPlugins (36ms)
				BeforeProcessingInitializeOnLoad (9ms)
				ProcessInitializeOnLoadAttributes (93ms)
				ProcessInitializeOnLoadMethodAttributes (32ms)
				AfterProcessingInitializeOnLoad (0ms)
				EditorAssembliesLoaded (0ms)
			ExecutionOrderSort2 (0ms)
			AwakeInstancesAfterBackupRestoration (0ms)
Platform modules already initialized, skipping
Registering precompiled user dll's ...
Registered in 0.003499 seconds.
Begin MonoManager ReloadAssembly
Native extension for LinuxStandalone target not found
Native extension for WindowsStandalone target not found
Refreshing native plugins compatible for Editor in 0.37 ms, found 2 plugins.
Preloading 0 native plugins for Editor in 0.00 ms.
Mono: successfully reloaded assembly
- Completed reload, in  1.145 seconds
Domain Reload Profiling:
	ReloadAssembly (1146ms)
		BeginReloadAssembly (165ms)
			ExecutionOrderSort (0ms)
			DisableScriptedObjects (6ms)
			BackupInstance (0ms)
			ReleaseScriptingObjects (0ms)
			CreateAndSetChildDomain (19ms)
		EndReloadAssembly (904ms)
			LoadAssemblies (100ms)
			RebuildTransferFunctionScriptingTraits (0ms)
			SetupTypeCache (313ms)
			ReleaseScriptCaches (0ms)
			RebuildScriptCaches (48ms)
			SetupLoadedEditorAssemblies (335ms)
				LogAssemblyErrors (0ms)
				InitializePlatformSupportModulesInManaged (8ms)
				SetLoadedEditorAssemblies (0ms)
				RefreshPlugins (0ms)
				BeforeProcessingInitializeOnLoad (62ms)
				ProcessInitializeOnLoadAttributes (242ms)
				ProcessInitializeOnLoadMethodAttributes (12ms)
				AfterProcessingInitializeOnLoad (10ms)
				EditorAssembliesLoaded (0ms)
			ExecutionOrderSort2 (0ms)
			AwakeInstancesAfterBackupRestoration (8ms)
Platform modules already initialized, skipping
========================================================================
Worker process is ready to serve import requests
Launched and connected shader compiler UnityShaderCompiler.exe after 0.07 seconds
Refreshing native plugins compatible for Editor in 0.39 ms, found 2 plugins.
Preloading 0 native plugins for Editor in 0.00 ms.
Unloading 1505 Unused Serialized files (Serialized files now loaded: 0)
System memory in use before: 81.6 MB.
System memory in use after: 81.7 MB.

Unloading 20 unused Assets to reduce memory usage. Loaded Objects now: 1961.
Total: 3.117900 ms (FindLiveObjects: 0.176200 ms CreateObjectMapping: 0.037900 ms MarkObjects: 2.829500 ms  DeleteObjects: 0.072400 ms)

AssetImportParameters requested are different than current active one (requested -> active):
  custom:framework-win-MediaFoundation: 216162199b28c13a410421893ffa2e32 -> 
  custom:video-decoder-ogg-theora: a1e56fd34408186e4bbccfd4996cb3dc -> 
  custom:container-muxer-webm: aa71ff27fc2769a1b78a27578f13a17b -> 
  custom:container-demuxer-webm: 4f35f7cbe854078d1ac9338744f61a02 -> 
  custom:container-demuxer-ogg: 62fdf1f143b41e24485cea50d1cbac27 -> 
  custom:video-encoder-webm-vp8: eb34c28f22e8b96e1ab97ce403110664 -> 
  custom:video-decoder-webm-vp8: 9c59270c3fd7afecdb556c50c9e8de78 -> 
  custom:audio-decoder-ogg-vorbis: bf7c407c2cedff20999df2af8eb42d56 -> 
  custom:audio-encoder-webm-vorbis: bf7c407c2cedff20999df2af8eb42d56 -> 
========================================================================
Received Import Request.
  path: Assets/YapbiGames.mp4
  artifactKey: Guid(c50a89ebdffbcd74993fa419cf676b5a) Importer(815301076,1909f56bfc062723c751e8b465ee728b)
Start importing Assets/YapbiGames.mp4 using Guid(c50a89ebdffbcd74993fa419cf676b5a) Importer(815301076,1909f56bfc062723c751e8b465ee728b)  -> (artifact id: 'e63b3964b6a48b007ebacd3a1568af2c') in 0.043583 seconds 
  Import took 0.116108 seconds .

========================================================================
Received Import Request.
  Time since last request: 15.221804 seconds.
  path: Assets/Scenes/bolum20.unity
  artifactKey: Guid(ee31f53de905f284bb3749d0378c0ce0) Importer(815301076,1909f56bfc062723c751e8b465ee728b)
Start importing Assets/Scenes/bolum20.unity using Guid(ee31f53de905f284bb3749d0378c0ce0) Importer(815301076,1909f56bfc062723c751e8b465ee728b)  -> (artifact id: '385fe0fc2ee1611adf2cc8d76d6fa92e') in 0.007735 seconds 
  Import took 0.010280 seconds .

========================================================================
Received Import Request.
  Time since last request: 2.188021 seconds.
  path: Assets/Scenes/bolum25.unity
  artifactKey: Guid(03fa6e1afcb605448ad8e3ae27d40d23) Importer(815301076,1909f56bfc062723c751e8b465ee728b)
Start importing Assets/Scenes/bolum25.unity using Guid(03fa6e1afcb605448ad8e3ae27d40d23) Importer(815301076,1909f56bfc062723c751e8b465ee728b)  -> (artifact id: '6ec38ee26885f9783480b21f1974e990') in 0.007232 seconds 
  Import took 0.009800 seconds .

========================================================================
Received Import Request.
  Time since last request: 313.591026 seconds.
  path: Assets/Images/anamenu.png
  artifactKey: Guid(687dc9ede63c1a54db85cb5d5b798272) Importer(815301076,1909f56bfc062723c751e8b465ee728b)
Start importing Assets/Images/anamenu.png using Guid(687dc9ede63c1a54db85cb5d5b798272) Importer(815301076,1909f56bfc062723c751e8b465ee728b)  -> (artifact id: '45d48b1a38182f0f4215eca1240e8fc0') in 0.141115 seconds 
  Import took 0.143870 seconds .

========================================================================
Received Import Request.
  Time since last request: 0.000221 seconds.
  path: Assets/Images/Butonileri2.png
  artifactKey: Guid(a6a013c02bac709439d678d943d9b526) Importer(815301076,1909f56bfc062723c751e8b465ee728b)
Start importing Assets/Images/Butonileri2.png using Guid(a6a013c02bac709439d678d943d9b526) Importer(815301076,1909f56bfc062723c751e8b465ee728b)  -> (artifact id: '07de6716c07f19de84b7e72fd3ae9d02') in 0.019448 seconds 
  Import took 0.022094 seconds .

========================================================================
Received Import Request.
  Time since last request: 0.000295 seconds.
  path: Assets/Images/kare.png
  artifactKey: Guid(f7963b060630a9641b3daaebe0769900) Importer(815301076,1909f56bfc062723c751e8b465ee728b)
Start importing Assets/Images/kare.png using Guid(f7963b060630a9641b3daaebe0769900) Importer(815301076,1909f56bfc062723c751e8b465ee728b)  -> (artifact id: '8987a401a3b695d4a100538f98941467') in 0.024599 seconds 
  Import took 0.027277 seconds .

========================================================================
Received Import Request.
  Time since last request: 0.000169 seconds.
  path: Assets/Images/Seri1Arkaplan2.png
  artifactKey: Guid(098b0d4c6390ba54eb24720be580c905) Importer(815301076,1909f56bfc062723c751e8b465ee728b)
Start importing Assets/Images/Seri1Arkaplan2.png using Guid(098b0d4c6390ba54eb24720be580c905) Importer(815301076,1909f56bfc062723c751e8b465ee728b)  -> (artifact id: 'c1fe9a907aaae1216cbc17096c4dce28') in 0.102552 seconds 
  Import took 0.105687 seconds .

========================================================================
Received Import Request.
  Time since last request: 0.000183 seconds.
  path: Assets/Images/YapBi.jpg
  artifactKey: Guid(838db3bca6b4d1648abdbe4b88dda94f) Importer(815301076,1909f56bfc062723c751e8b465ee728b)
Start importing Assets/Images/YapBi.jpg using Guid(838db3bca6b4d1648abdbe4b88dda94f) Importer(815301076,1909f56bfc062723c751e8b465ee728b)  -> (artifact id: 'e33b34cd3cc05eefacf51c7f8d6f540d') in 0.053146 seconds 
  Import took 0.055572 seconds .

========================================================================
Received Import Request.
  Time since last request: 0.000209 seconds.
  path: Assets/Images/BtnUst.png
  artifactKey: Guid(ff44587791058de4a816751db2ed3d59) Importer(815301076,1909f56bfc062723c751e8b465ee728b)
Start importing Assets/Images/BtnUst.png using Guid(ff44587791058de4a816751db2ed3d59) Importer(815301076,1909f56bfc062723c751e8b465ee728b)  -> (artifact id: '9bfbb7678882569a084b7555abff203d') in 0.016969 seconds 
  Import took 0.019618 seconds .

========================================================================
Received Import Request.
  Time since last request: 0.000168 seconds.
  path: Assets/Images/Seri2Arkaplan.png
  artifactKey: Guid(e9b37571a7e2eea4891b4c88ad40cef1) Importer(815301076,1909f56bfc062723c751e8b465ee728b)
Start importing Assets/Images/Seri2Arkaplan.png using Guid(e9b37571a7e2eea4891b4c88ad40cef1) Importer(815301076,1909f56bfc062723c751e8b465ee728b)  -> (artifact id: 'e2441e9f0926b38547fcc77b733f5e3e') in 0.021164 seconds 
  Import took 0.024316 seconds .

========================================================================
Received Import Request.
  Time since last request: 0.000185 seconds.
  path: Assets/Images/Seri1Arkaplan.png
  artifactKey: Guid(9f45a2c8e329b13439eef2aa184a3a45) Importer(815301076,1909f56bfc062723c751e8b465ee728b)
Start importing Assets/Images/Seri1Arkaplan.png using Guid(9f45a2c8e329b13439eef2aa184a3a45) Importer(815301076,1909f56bfc062723c751e8b465ee728b)  -> (artifact id: '46048a82b32d0c950727937cae43cc72') in 0.026244 seconds 
  Import took 0.029233 seconds .

========================================================================
Received Import Request.
  Time since last request: 0.000204 seconds.
  path: Assets/Images/BtnAlt.png
  artifactKey: Guid(1a5a4a45f29f69c4384c97a1c581a2d4) Importer(815301076,1909f56bfc062723c751e8b465ee728b)
Start importing Assets/Images/BtnAlt.png using Guid(1a5a4a45f29f69c4384c97a1c581a2d4) Importer(815301076,1909f56bfc062723c751e8b465ee728b)  -> (artifact id: '205071285207cc15d714cb71b49c69e1') in 0.015651 seconds 
  Import took 0.018037 seconds .

========================================================================
Received Import Request.
  Time since last request: 0.000223 seconds.
  path: Assets/Images/buton kare.png
  artifactKey: Guid(d4b0b9f8f6c92b24cae4f912a4990d5f) Importer(815301076,1909f56bfc062723c751e8b465ee728b)
Start importing Assets/Images/buton kare.png using Guid(d4b0b9f8f6c92b24cae4f912a4990d5f) Importer(815301076,1909f56bfc062723c751e8b465ee728b)  -> (artifact id: 'c10987be70ecf007979e63762fdea631') in 0.015462 seconds 
  Import took 0.039593 seconds .

========================================================================
Received Import Request.
  Time since last request: 0.000172 seconds.
  path: Assets/Images/BtnSag.png
  artifactKey: Guid(cbf8fcf134a272241941beb9882b3700) Importer(815301076,1909f56bfc062723c751e8b465ee728b)
Start importing Assets/Images/BtnSag.png using Guid(cbf8fcf134a272241941beb9882b3700) Importer(815301076,1909f56bfc062723c751e8b465ee728b)  -> (artifact id: '7d699ea83911e002cc72bfa0042af99f') in 0.016667 seconds 
  Import took 0.019112 seconds .

========================================================================
Received Import Request.
  Time since last request: 0.000188 seconds.
  path: Assets/Images/menuarkaplan.png
  artifactKey: Guid(ef0c06a8a4c4e724585e41da5b7850b7) Importer(815301076,1909f56bfc062723c751e8b465ee728b)
Start importing Assets/Images/menuarkaplan.png using Guid(ef0c06a8a4c4e724585e41da5b7850b7) Importer(815301076,1909f56bfc062723c751e8b465ee728b)  -> (artifact id: 'aa0655a16d7ab77378d34422c5de622e') in 0.030032 seconds 
  Import took 0.032490 seconds .

========================================================================
Received Import Request.
  Time since last request: 0.000211 seconds.
  path: Assets/Images/BosButon.png
  artifactKey: Guid(4965b95bcf7b6a54abb2019cfc383e75) Importer(815301076,1909f56bfc062723c751e8b465ee728b)
Start importing Assets/Images/BosButon.png using Guid(4965b95bcf7b6a54abb2019cfc383e75) Importer(815301076,1909f56bfc062723c751e8b465ee728b)  -> (artifact id: '393fd93677cfdb27aed4d701eff15966') in 0.014780 seconds 
  Import took 0.017405 seconds .

========================================================================
Received Import Request.
  Time since last request: 0.000215 seconds.
  path: Assets/Images/BolumlerButon.png
  artifactKey: Guid(af641b907ceec3347bf49ac7a6dd937d) Importer(815301076,1909f56bfc062723c751e8b465ee728b)
Start importing Assets/Images/BolumlerButon.png using Guid(af641b907ceec3347bf49ac7a6dd937d) Importer(815301076,1909f56bfc062723c751e8b465ee728b)  -> (artifact id: '7fc6f65ffdb48d47726f8d7dcd13f10d') in 0.016270 seconds 
  Import took 0.018963 seconds .

========================================================================
Received Import Request.
  Time since last request: 0.000180 seconds.
  path: Assets/Images/AyarlarButon.png
  artifactKey: Guid(cf18238d8ceef2246a7d704838b69e53) Importer(815301076,1909f56bfc062723c751e8b465ee728b)
Start importing Assets/Images/AyarlarButon.png using Guid(cf18238d8ceef2246a7d704838b69e53) Importer(815301076,1909f56bfc062723c751e8b465ee728b)  -> (artifact id: 'd80b650bc9d79d7a79bfd0af07273160') in 0.014415 seconds 
  Import took 0.016884 seconds .

========================================================================
Received Import Request.
  Time since last request: 0.000225 seconds.
  path: Assets/Images/Durdur.png
  artifactKey: Guid(fa5e68116f965934192b06896bc7175c) Importer(815301076,1909f56bfc062723c751e8b465ee728b)
Start importing Assets/Images/Durdur.png using Guid(fa5e68116f965934192b06896bc7175c) Importer(815301076,1909f56bfc062723c751e8b465ee728b)  -> (artifact id: '532fbc2755a0f5898e1316fd898ccfc3') in 0.015751 seconds 
  Import took 0.018414 seconds .

========================================================================
Received Import Request.
  Time since last request: 0.000229 seconds.
  path: Assets/Images/PlayButon 4.png
  artifactKey: Guid(d1ef6396c9a1fa54c9fe9bb01658bb5f) Importer(815301076,1909f56bfc062723c751e8b465ee728b)
Start importing Assets/Images/PlayButon 4.png using Guid(d1ef6396c9a1fa54c9fe9bb01658bb5f) Importer(815301076,1909f56bfc062723c751e8b465ee728b)  -> (artifact id: '5fc0f04976dd7b2e372d59f386235d83') in 0.015577 seconds 
  Import took 0.018200 seconds .

========================================================================
Received Import Request.
  Time since last request: 0.000201 seconds.
  path: Assets/Images/BtnSol.png
  artifactKey: Guid(f7fa94fa995bc194f8c886299a57e3cf) Importer(815301076,1909f56bfc062723c751e8b465ee728b)
Start importing Assets/Images/BtnSol.png using Guid(f7fa94fa995bc194f8c886299a57e3cf) Importer(815301076,1909f56bfc062723c751e8b465ee728b)  -> (artifact id: '94584dd404da295b82a3726149450343') in 0.015674 seconds 
  Import took 0.018177 seconds .

========================================================================
Received Import Request.
  Time since last request: 0.000196 seconds.
  path: Assets/Images/Seri3Arkaplan.png
  artifactKey: Guid(aa08538e712f2324c89c30c19880a2de) Importer(815301076,1909f56bfc062723c751e8b465ee728b)
Start importing Assets/Images/Seri3Arkaplan.png using Guid(aa08538e712f2324c89c30c19880a2de) Importer(815301076,1909f56bfc062723c751e8b465ee728b)  -> (artifact id: '1c766d85f016734a23362f977a25e80e') in 0.083497 seconds 
  Import took 0.086487 seconds .

========================================================================
Received Import Request.
  Time since last request: 0.000194 seconds.
  path: Assets/Images/MenuBtn.png
  artifactKey: Guid(087a2970aebc93949a8c72ddf703166e) Importer(815301076,1909f56bfc062723c751e8b465ee728b)
Start importing Assets/Images/MenuBtn.png using Guid(087a2970aebc93949a8c72ddf703166e) Importer(815301076,1909f56bfc062723c751e8b465ee728b)  -> (artifact id: '5a78ae3f85e47926ac5b53fb4de3e656') in 0.015122 seconds 
  Import took 0.017650 seconds .

========================================================================
Received Import Request.
  Time since last request: 0.000181 seconds.
  path: Assets/Images/ButonGeri1.png
  artifactKey: Guid(1abf121691d86114b8b77a51c7d74e5d) Importer(815301076,1909f56bfc062723c751e8b465ee728b)
Start importing Assets/Images/ButonGeri1.png using Guid(1abf121691d86114b8b77a51c7d74e5d) Importer(815301076,1909f56bfc062723c751e8b465ee728b)  -> (artifact id: '11c045fe352486867fa017d33a7ea32c') in 0.014092 seconds 
  Import took 0.016737 seconds .

========================================================================
Received Import Request.
  Time since last request: 0.000195 seconds.
  path: Assets/Images/icon.png
  artifactKey: Guid(1cb38e09144f96046b23aecc6c3bc7a2) Importer(815301076,1909f56bfc062723c751e8b465ee728b)
Start importing Assets/Images/icon.png using Guid(1cb38e09144f96046b23aecc6c3bc7a2) Importer(815301076,1909f56bfc062723c751e8b465ee728b)  -> (artifact id: '44498cbfec0ec2fc20b06f4b6238248f') in 0.014960 seconds 
  Import took 0.017439 seconds .

========================================================================
Received Import Request.
  Time since last request: 0.000186 seconds.
  path: Assets/Images/beyaz Kare.png
  artifactKey: Guid(05cc2ca6a213e424cbc78ef6b57568f6) Importer(815301076,1909f56bfc062723c751e8b465ee728b)
Start importing Assets/Images/beyaz Kare.png using Guid(05cc2ca6a213e424cbc78ef6b57568f6) Importer(815301076,1909f56bfc062723c751e8b465ee728b)  -> (artifact id: '9d78e4e3f5db2b37a529502c2286d660') in 0.013739 seconds 
  Import took 0.016284 seconds .

========================================================================
Received Prepare
Registering precompiled user dll's ...
Registered in 0.004567 seconds.
Begin MonoManager ReloadAssembly
Native extension for LinuxStandalone target not found
Native extension for WindowsStandalone target not found
Refreshing native plugins compatible for Editor in 0.39 ms, found 2 plugins.
Preloading 0 native plugins for Editor in 0.00 ms.
Mono: successfully reloaded assembly
- Completed reload, in  1.068 seconds
Domain Reload Profiling:
	ReloadAssembly (1069ms)
		BeginReloadAssembly (133ms)
			ExecutionOrderSort (0ms)
			DisableScriptedObjects (7ms)
			BackupInstance (0ms)
			ReleaseScriptingObjects (0ms)
			CreateAndSetChildDomain (33ms)
		EndReloadAssembly (860ms)
			LoadAssemblies (95ms)
			RebuildTransferFunctionScriptingTraits (0ms)
			SetupTypeCache (295ms)
			ReleaseScriptCaches (1ms)
			RebuildScriptCaches (47ms)
			SetupLoadedEditorAssemblies (300ms)
				LogAssemblyErrors (0ms)
				InitializePlatformSupportModulesInManaged (8ms)
				SetLoadedEditorAssemblies (1ms)
				RefreshPlugins (0ms)
				BeforeProcessingInitializeOnLoad (59ms)
				ProcessInitializeOnLoadAttributes (217ms)
				ProcessInitializeOnLoadMethodAttributes (7ms)
				AfterProcessingInitializeOnLoad (8ms)
				EditorAssembliesLoaded (0ms)
			ExecutionOrderSort2 (0ms)
			AwakeInstancesAfterBackupRestoration (8ms)
Platform modules already initialized, skipping
Switching build target platform(19) subTarget(0) extendedPlatform(0) -> platform(13) subTarget(537395200) extendedPlatform(0)
Refreshing native plugins compatible for Editor in 0.37 ms, found 2 plugins.
Preloading 0 native plugins for Editor in 0.00 ms.
Unloading 1503 Unused Serialized files (Serialized files now loaded: 0)
System memory in use before: 84.7 MB.
System memory in use after: 84.8 MB.

Unloading 11 unused Assets to reduce memory usage. Loaded Objects now: 1993.
Total: 2.871100 ms (FindLiveObjects: 0.159900 ms CreateObjectMapping: 0.038600 ms MarkObjects: 2.657200 ms  DeleteObjects: 0.014100 ms)

AssetImportParameters requested are different than current active one (requested -> active):
  custom:framework-win-MediaFoundation: 216162199b28c13a410421893ffa2e32 -> 
  custom:video-decoder-ogg-theora: a1e56fd34408186e4bbccfd4996cb3dc -> 
  custom:container-muxer-webm: aa71ff27fc2769a1b78a27578f13a17b -> 
  custom:container-demuxer-webm: 4f35f7cbe854078d1ac9338744f61a02 -> 
  custom:container-demuxer-ogg: 62fdf1f143b41e24485cea50d1cbac27 -> 
  custom:video-encoder-webm-vp8: eb34c28f22e8b96e1ab97ce403110664 -> 
  custom:video-decoder-webm-vp8: 9c59270c3fd7afecdb556c50c9e8de78 -> 
  custom:graphics/normal-map-encoding: 01000000000000000000000000000000 -> 02000000000000000000000000000000
  custom:audio-decoder-ogg-vorbis: bf7c407c2cedff20999df2af8eb42d56 -> 
  custom:audio-encoder-webm-vorbis: bf7c407c2cedff20999df2af8eb42d56 -> 
AssetImportWorkerClient::OnTransportError - code=2 error=End of file
